<?xml version="1.0" encoding="UTF-8"?>
<testng-results ignored="0" total="1" passed="1" failed="0" skipped="0">
  <reporter-output>
  </reporter-output>
  <suite started-at="2021-04-16T05:52:53Z" name="Default suite" finished-at="2021-04-16T05:53:55Z" duration-ms="61995">
    <groups>
    </groups>
    <test started-at="2021-04-16T05:52:53Z" name="Default test" finished-at="2021-04-16T05:53:55Z" duration-ms="61995">
      <class name="TestClassesZigwheels.TestClass">
        <test-method signature="displaybikedetails()[pri:0, instance:TestClassesZigwheels.TestClass@4167d97b]" started-at="2021-04-16T05:52:53Z" name="displaybikedetails" finished-at="2021-04-16T05:53:55Z" duration-ms="61942" status="PASS">
          <reporter-output>
          </reporter-output>
        </test-method> <!-- displaybikedetails -->
      </class> <!-- TestClassesZigwheels.TestClass -->
    </test> <!-- Default test -->
  </suite> <!-- Default suite -->
</testng-results>
